[INFO  - 2017-01-02T08:24:20.607Z] GhostDriver - Main - running on port 36752
[INFO  - 2017-01-02T08:24:21.241Z] Session [dc779250-d0c4-11e6-96e8-1f6117860a0e] - page.settings - {"XSSAuditingEnabled":false,"javascriptCanCloseWindows":true,"javascriptCanOpenWindows":true,"javascriptEnabled":true,"loadImages":true,"localToRemoteUrlAccessEnabled":false,"userAgent":"Mozilla/5.0 (Windows NT 6.2; WOW64) AppleWebKit/538.1 (KHTML, like Gecko) PhantomJS/2.1.1 Safari/538.1","webSecurityEnabled":true}
[INFO  - 2017-01-02T08:24:21.241Z] Session [dc779250-d0c4-11e6-96e8-1f6117860a0e] - page.customHeaders:  - {}
[INFO  - 2017-01-02T08:24:21.241Z] Session [dc779250-d0c4-11e6-96e8-1f6117860a0e] - Session.negotiatedCapabilities - {"browserName":"phantomjs","version":"2.1.1","driverName":"ghostdriver","driverVersion":"1.2.0","platform":"windows-8.1-32bit","javascriptEnabled":true,"takesScreenshot":true,"handlesAlerts":false,"databaseEnabled":false,"locationContextEnabled":false,"applicationCacheEnabled":false,"browserConnectionEnabled":false,"cssSelectorsEnabled":true,"webStorageEnabled":false,"rotatable":false,"acceptSslCerts":false,"nativeEvents":true,"proxy":{"proxyType":"direct"}}
[INFO  - 2017-01-02T08:24:21.241Z] SessionManagerReqHand - _postNewSessionCommand - New Session Created: dc779250-d0c4-11e6-96e8-1f6117860a0e
[INFO  - 2017-01-02T08:24:29.165Z] ShutdownReqHand - _handle - About to shutdown
[INFO  - 2017-01-02T08:31:04.043Z] GhostDriver - Main - running on port 9646
[INFO  - 2017-01-02T08:31:04.793Z] Session [cd00df60-d0c5-11e6-9a37-af5ed23dafe3] - page.settings - {"XSSAuditingEnabled":false,"javascriptCanCloseWindows":true,"javascriptCanOpenWindows":true,"javascriptEnabled":true,"loadImages":true,"localToRemoteUrlAccessEnabled":false,"userAgent":"Mozilla/5.0 (Windows NT 6.2; WOW64) AppleWebKit/538.1 (KHTML, like Gecko) PhantomJS/2.1.1 Safari/538.1","webSecurityEnabled":true}
[INFO  - 2017-01-02T08:31:04.793Z] Session [cd00df60-d0c5-11e6-9a37-af5ed23dafe3] - page.customHeaders:  - {}
[INFO  - 2017-01-02T08:31:04.794Z] Session [cd00df60-d0c5-11e6-9a37-af5ed23dafe3] - Session.negotiatedCapabilities - {"browserName":"phantomjs","version":"2.1.1","driverName":"ghostdriver","driverVersion":"1.2.0","platform":"windows-8.1-32bit","javascriptEnabled":true,"takesScreenshot":true,"handlesAlerts":false,"databaseEnabled":false,"locationContextEnabled":false,"applicationCacheEnabled":false,"browserConnectionEnabled":false,"cssSelectorsEnabled":true,"webStorageEnabled":false,"rotatable":false,"acceptSslCerts":false,"nativeEvents":true,"proxy":{"proxyType":"direct"}}
[INFO  - 2017-01-02T08:31:04.794Z] SessionManagerReqHand - _postNewSessionCommand - New Session Created: cd00df60-d0c5-11e6-9a37-af5ed23dafe3
[INFO  - 2017-01-02T08:31:13.024Z] ShutdownReqHand - _handle - About to shutdown
[INFO  - 2017-01-02T08:32:34.519Z] GhostDriver - Main - running on port 35529
[INFO  - 2017-01-02T08:32:35.378Z] Session [02ff0bf0-d0c6-11e6-bd99-53ae5e99c8a2] - page.settings - {"XSSAuditingEnabled":false,"javascriptCanCloseWindows":true,"javascriptCanOpenWindows":true,"javascriptEnabled":true,"loadImages":true,"localToRemoteUrlAccessEnabled":false,"userAgent":"Mozilla/5.0 (Windows NT 6.2; WOW64) AppleWebKit/538.1 (KHTML, like Gecko) PhantomJS/2.1.1 Safari/538.1","webSecurityEnabled":true}
[INFO  - 2017-01-02T08:32:35.378Z] Session [02ff0bf0-d0c6-11e6-bd99-53ae5e99c8a2] - page.customHeaders:  - {}
[INFO  - 2017-01-02T08:32:35.378Z] Session [02ff0bf0-d0c6-11e6-bd99-53ae5e99c8a2] - Session.negotiatedCapabilities - {"browserName":"phantomjs","version":"2.1.1","driverName":"ghostdriver","driverVersion":"1.2.0","platform":"windows-8.1-32bit","javascriptEnabled":true,"takesScreenshot":true,"handlesAlerts":false,"databaseEnabled":false,"locationContextEnabled":false,"applicationCacheEnabled":false,"browserConnectionEnabled":false,"cssSelectorsEnabled":true,"webStorageEnabled":false,"rotatable":false,"acceptSslCerts":false,"nativeEvents":true,"proxy":{"proxyType":"direct"}}
[INFO  - 2017-01-02T08:32:35.379Z] SessionManagerReqHand - _postNewSessionCommand - New Session Created: 02ff0bf0-d0c6-11e6-bd99-53ae5e99c8a2
[INFO  - 2017-01-02T08:32:43.482Z] ShutdownReqHand - _handle - About to shutdown
[INFO  - 2017-01-02T08:33:23.055Z] GhostDriver - Main - running on port 20866
[INFO  - 2017-01-02T08:33:23.827Z] Session [1fdfc700-d0c6-11e6-9c32-dbb1946e2635] - page.settings - {"XSSAuditingEnabled":false,"javascriptCanCloseWindows":true,"javascriptCanOpenWindows":true,"javascriptEnabled":true,"loadImages":true,"localToRemoteUrlAccessEnabled":false,"userAgent":"Mozilla/5.0 (Windows NT 6.2; WOW64) AppleWebKit/538.1 (KHTML, like Gecko) PhantomJS/2.1.1 Safari/538.1","webSecurityEnabled":true}
[INFO  - 2017-01-02T08:33:23.828Z] Session [1fdfc700-d0c6-11e6-9c32-dbb1946e2635] - page.customHeaders:  - {}
[INFO  - 2017-01-02T08:33:23.828Z] Session [1fdfc700-d0c6-11e6-9c32-dbb1946e2635] - Session.negotiatedCapabilities - {"browserName":"phantomjs","version":"2.1.1","driverName":"ghostdriver","driverVersion":"1.2.0","platform":"windows-8.1-32bit","javascriptEnabled":true,"takesScreenshot":true,"handlesAlerts":false,"databaseEnabled":false,"locationContextEnabled":false,"applicationCacheEnabled":false,"browserConnectionEnabled":false,"cssSelectorsEnabled":true,"webStorageEnabled":false,"rotatable":false,"acceptSslCerts":false,"nativeEvents":true,"proxy":{"proxyType":"direct"}}
[INFO  - 2017-01-02T08:33:23.828Z] SessionManagerReqHand - _postNewSessionCommand - New Session Created: 1fdfc700-d0c6-11e6-9c32-dbb1946e2635
[INFO  - 2017-01-02T08:33:31.882Z] ShutdownReqHand - _handle - About to shutdown
[INFO  - 2017-01-02T08:43:22.702Z] GhostDriver - Main - running on port 9854
[INFO  - 2017-01-02T08:43:22.951Z] Session [84fad840-d0c7-11e6-8d35-4599759fd0d4] - page.settings - {"XSSAuditingEnabled":false,"javascriptCanCloseWindows":true,"javascriptCanOpenWindows":true,"javascriptEnabled":true,"loadImages":true,"localToRemoteUrlAccessEnabled":false,"userAgent":"Mozilla/5.0 (Windows NT 6.2; WOW64) AppleWebKit/538.1 (KHTML, like Gecko) PhantomJS/2.1.1 Safari/538.1","webSecurityEnabled":true}
[INFO  - 2017-01-02T08:43:22.952Z] Session [84fad840-d0c7-11e6-8d35-4599759fd0d4] - page.customHeaders:  - {}
[INFO  - 2017-01-02T08:43:22.952Z] Session [84fad840-d0c7-11e6-8d35-4599759fd0d4] - Session.negotiatedCapabilities - {"browserName":"phantomjs","version":"2.1.1","driverName":"ghostdriver","driverVersion":"1.2.0","platform":"windows-8.1-32bit","javascriptEnabled":true,"takesScreenshot":true,"handlesAlerts":false,"databaseEnabled":false,"locationContextEnabled":false,"applicationCacheEnabled":false,"browserConnectionEnabled":false,"cssSelectorsEnabled":true,"webStorageEnabled":false,"rotatable":false,"acceptSslCerts":false,"nativeEvents":true,"proxy":{"proxyType":"direct"}}
[INFO  - 2017-01-02T08:43:22.952Z] SessionManagerReqHand - _postNewSessionCommand - New Session Created: 84fad840-d0c7-11e6-8d35-4599759fd0d4
[INFO  - 2017-01-02T08:43:30.998Z] ShutdownReqHand - _handle - About to shutdown
[INFO  - 2017-01-02T10:24:18.266Z] GhostDriver - Main - running on port 36300
[INFO  - 2017-01-02T10:24:18.916Z] Session [9e9d9e00-d0d5-11e6-8888-efffb2e67ecd] - page.settings - {"XSSAuditingEnabled":false,"javascriptCanCloseWindows":true,"javascriptCanOpenWindows":true,"javascriptEnabled":true,"loadImages":true,"localToRemoteUrlAccessEnabled":false,"userAgent":"Mozilla/5.0 (Windows NT 6.2; WOW64) AppleWebKit/538.1 (KHTML, like Gecko) PhantomJS/2.1.1 Safari/538.1","webSecurityEnabled":true}
[INFO  - 2017-01-02T10:24:18.916Z] Session [9e9d9e00-d0d5-11e6-8888-efffb2e67ecd] - page.customHeaders:  - {}
[INFO  - 2017-01-02T10:24:18.916Z] Session [9e9d9e00-d0d5-11e6-8888-efffb2e67ecd] - Session.negotiatedCapabilities - {"browserName":"phantomjs","version":"2.1.1","driverName":"ghostdriver","driverVersion":"1.2.0","platform":"windows-8.1-32bit","javascriptEnabled":true,"takesScreenshot":true,"handlesAlerts":false,"databaseEnabled":false,"locationContextEnabled":false,"applicationCacheEnabled":false,"browserConnectionEnabled":false,"cssSelectorsEnabled":true,"webStorageEnabled":false,"rotatable":false,"acceptSslCerts":false,"nativeEvents":true,"proxy":{"proxyType":"direct"}}
[INFO  - 2017-01-02T10:24:18.916Z] SessionManagerReqHand - _postNewSessionCommand - New Session Created: 9e9d9e00-d0d5-11e6-8888-efffb2e67ecd
[INFO  - 2017-01-02T10:24:28.029Z] ShutdownReqHand - _handle - About to shutdown
[INFO  - 2017-01-02T10:29:41.170Z] GhostDriver - Main - running on port 47274
[INFO  - 2017-01-02T10:29:41.416Z] Session [5ed73640-d0d6-11e6-b588-d7918c52f250] - page.settings - {"XSSAuditingEnabled":false,"javascriptCanCloseWindows":true,"javascriptCanOpenWindows":true,"javascriptEnabled":true,"loadImages":true,"localToRemoteUrlAccessEnabled":false,"userAgent":"Mozilla/5.0 (Windows NT 6.2; WOW64) AppleWebKit/538.1 (KHTML, like Gecko) PhantomJS/2.1.1 Safari/538.1","webSecurityEnabled":true}
[INFO  - 2017-01-02T10:29:41.416Z] Session [5ed73640-d0d6-11e6-b588-d7918c52f250] - page.customHeaders:  - {}
[INFO  - 2017-01-02T10:29:41.416Z] Session [5ed73640-d0d6-11e6-b588-d7918c52f250] - Session.negotiatedCapabilities - {"browserName":"phantomjs","version":"2.1.1","driverName":"ghostdriver","driverVersion":"1.2.0","platform":"windows-8.1-32bit","javascriptEnabled":true,"takesScreenshot":true,"handlesAlerts":false,"databaseEnabled":false,"locationContextEnabled":false,"applicationCacheEnabled":false,"browserConnectionEnabled":false,"cssSelectorsEnabled":true,"webStorageEnabled":false,"rotatable":false,"acceptSslCerts":false,"nativeEvents":true,"proxy":{"proxyType":"direct"}}
[INFO  - 2017-01-02T10:29:41.416Z] SessionManagerReqHand - _postNewSessionCommand - New Session Created: 5ed73640-d0d6-11e6-b588-d7918c52f250
[INFO  - 2017-01-02T10:29:50.025Z] ShutdownReqHand - _handle - About to shutdown
[INFO  - 2017-01-03T13:34:15.003Z] GhostDriver - Main - running on port 15350
[INFO  - 2017-01-03T13:34:15.723Z] Session [520e1b70-d1b9-11e6-a1a9-312c4ef3a096] - page.settings - {"XSSAuditingEnabled":false,"javascriptCanCloseWindows":true,"javascriptCanOpenWindows":true,"javascriptEnabled":true,"loadImages":true,"localToRemoteUrlAccessEnabled":false,"userAgent":"Mozilla/5.0 (Windows NT 6.2; WOW64) AppleWebKit/538.1 (KHTML, like Gecko) PhantomJS/2.1.1 Safari/538.1","webSecurityEnabled":true}
[INFO  - 2017-01-03T13:34:15.723Z] Session [520e1b70-d1b9-11e6-a1a9-312c4ef3a096] - page.customHeaders:  - {}
[INFO  - 2017-01-03T13:34:15.723Z] Session [520e1b70-d1b9-11e6-a1a9-312c4ef3a096] - Session.negotiatedCapabilities - {"browserName":"phantomjs","version":"2.1.1","driverName":"ghostdriver","driverVersion":"1.2.0","platform":"windows-8.1-32bit","javascriptEnabled":true,"takesScreenshot":true,"handlesAlerts":false,"databaseEnabled":false,"locationContextEnabled":false,"applicationCacheEnabled":false,"browserConnectionEnabled":false,"cssSelectorsEnabled":true,"webStorageEnabled":false,"rotatable":false,"acceptSslCerts":false,"nativeEvents":true,"proxy":{"proxyType":"direct"}}
[INFO  - 2017-01-03T13:34:15.724Z] SessionManagerReqHand - _postNewSessionCommand - New Session Created: 520e1b70-d1b9-11e6-a1a9-312c4ef3a096
[ERROR - 2017-01-03T13:34:22.459Z] Session [520e1b70-d1b9-11e6-a1a9-312c4ef3a096] - page.onError - msg: error while HTML5 player processing undefined is not a constructor (evaluating 't.canPlayType("video/mp4")') N/A
[ERROR - 2017-01-03T13:34:22.459Z] Session [520e1b70-d1b9-11e6-a1a9-312c4ef3a096] - page.onError - stack:
  initModule (http://www.voanews.com/Scripts/responsive/loader.b?v=l0kpCI9inRwKjTmwC6mK9Oe-4-W8u2lDH0g1z-YFTeQ1&av=7.14.0.0&cb=52:34)
[ERROR - 2017-01-03T13:34:25.327Z] Session [520e1b70-d1b9-11e6-a1a9-312c4ef3a096] - page.onError - msg: error while HTML5 player processing undefined is not a constructor (evaluating 't.canPlayType("video/mp4")') N/A
[ERROR - 2017-01-03T13:34:25.327Z] Session [520e1b70-d1b9-11e6-a1a9-312c4ef3a096] - page.onError - stack:
  initModule (http://www.voanews.com/Scripts/responsive/loader.b?v=l0kpCI9inRwKjTmwC6mK9Oe-4-W8u2lDH0g1z-YFTeQ1&av=7.14.0.0&cb=52:34)
[ERROR - 2017-01-03T13:34:28.270Z] Session [520e1b70-d1b9-11e6-a1a9-312c4ef3a096] - page.onError - msg: error while HTML5 player processing undefined is not a constructor (evaluating 't.canPlayType("video/mp4")') N/A
[ERROR - 2017-01-03T13:34:28.270Z] Session [520e1b70-d1b9-11e6-a1a9-312c4ef3a096] - page.onError - stack:
  initModule (http://www.voanews.com/Scripts/responsive/loader.b?v=l0kpCI9inRwKjTmwC6mK9Oe-4-W8u2lDH0g1z-YFTeQ1&av=7.14.0.0&cb=52:34)
[ERROR - 2017-01-03T13:34:31.064Z] Session [520e1b70-d1b9-11e6-a1a9-312c4ef3a096] - page.onError - msg: error while HTML5 player processing undefined is not a constructor (evaluating 't.canPlayType("video/mp4")') N/A
[ERROR - 2017-01-03T13:34:31.064Z] Session [520e1b70-d1b9-11e6-a1a9-312c4ef3a096] - page.onError - stack:
  initModule (http://www.voanews.com/Scripts/responsive/loader.b?v=l0kpCI9inRwKjTmwC6mK9Oe-4-W8u2lDH0g1z-YFTeQ1&av=7.14.0.0&cb=52:34)
[ERROR - 2017-01-03T13:34:34.240Z] Session [520e1b70-d1b9-11e6-a1a9-312c4ef3a096] - page.onError - msg: error while HTML5 player processing undefined is not a constructor (evaluating 't.canPlayType("video/mp4")') N/A
[ERROR - 2017-01-03T13:34:34.240Z] Session [520e1b70-d1b9-11e6-a1a9-312c4ef3a096] - page.onError - stack:
  initModule (http://www.voanews.com/Scripts/responsive/loader.b?v=l0kpCI9inRwKjTmwC6mK9Oe-4-W8u2lDH0g1z-YFTeQ1&av=7.14.0.0&cb=52:34)
[ERROR - 2017-01-03T13:34:37.050Z] Session [520e1b70-d1b9-11e6-a1a9-312c4ef3a096] - page.onError - msg: error while HTML5 player processing undefined is not a constructor (evaluating 't.canPlayType("video/mp4")') N/A
[ERROR - 2017-01-03T13:34:37.051Z] Session [520e1b70-d1b9-11e6-a1a9-312c4ef3a096] - page.onError - stack:
  initModule (http://www.voanews.com/Scripts/responsive/loader.b?v=l0kpCI9inRwKjTmwC6mK9Oe-4-W8u2lDH0g1z-YFTeQ1&av=7.14.0.0&cb=52:34)
[ERROR - 2017-01-03T13:34:39.923Z] Session [520e1b70-d1b9-11e6-a1a9-312c4ef3a096] - page.onError - msg: error while HTML5 player processing undefined is not a constructor (evaluating 't.canPlayType("video/mp4")') N/A
[ERROR - 2017-01-03T13:34:39.923Z] Session [520e1b70-d1b9-11e6-a1a9-312c4ef3a096] - page.onError - stack:
  initModule (http://www.voanews.com/Scripts/responsive/loader.b?v=l0kpCI9inRwKjTmwC6mK9Oe-4-W8u2lDH0g1z-YFTeQ1&av=7.14.0.0&cb=52:34)
[ERROR - 2017-01-03T13:34:42.692Z] Session [520e1b70-d1b9-11e6-a1a9-312c4ef3a096] - page.onError - msg: error while HTML5 player processing undefined is not a constructor (evaluating 't.canPlayType("video/mp4")') N/A
[ERROR - 2017-01-03T13:34:42.692Z] Session [520e1b70-d1b9-11e6-a1a9-312c4ef3a096] - page.onError - stack:
  initModule (http://www.voanews.com/Scripts/responsive/loader.b?v=l0kpCI9inRwKjTmwC6mK9Oe-4-W8u2lDH0g1z-YFTeQ1&av=7.14.0.0&cb=52:34)
[INFO  - 2017-01-03T13:34:44.568Z] ShutdownReqHand - _handle - About to shutdown
